<?xml version="1.0" encoding="UTF-8"?>
<!-- Generated by org.testng.reporters.JUnitXMLReporter -->
<testsuite hostname="FHLT0017" ignored="0" name="Test" tests="4" failures="0" timestamp="21 Jun 2021 08:58:58 GMT" time="6.712" errors="0">
  <testcase name="@BeforeClass beforeClass" time="0.0" classname="suite.MavenProject.LoginTest2">
    <failure type="org.openqa.selenium.SessionNotCreatedException" message="session not created: This version of ChromeDriver only supports Chrome version 89
Current browser version is 86.0.4240.183 with binary path C:\Program Files (x86)\Google\Chrome\Application\chrome.exe
Build info: version: &amp;apos;3.141.59&amp;apos;, revision: &amp;apos;e82be7d358&amp;apos;, time: &amp;apos;2018-11-14T08:17:03&amp;apos;
System info: host: &amp;apos;FHLT0017&amp;apos;, ip: &amp;apos;10.100.100.90&amp;apos;, os.name: &amp;apos;Windows 10&amp;apos;, os.arch: &amp;apos;amd64&amp;apos;, os.version: &amp;apos;10.0&amp;apos;, java.version: &amp;apos;1.8.0_271&amp;apos;
Driver info: driver.version: ChromeDriver
remote stacktrace: Backtrace:
	Ordinal0 [0x00B9E7D3+124883]
	Ordinal0 [0x00B9E7B1+124849]
	GetHandleVerifier [0x00DE8688+193832]
	GetHandleVerifier [0x00E03AC5+305509]
	GetHandleVerifier [0x00E0021B+291003]
	GetHandleVerifier [0x00DFE0AC+282444]
	GetHandleVerifier [0x00E24A90+440624]
	GetHandleVerifier [0x00E247FC+439964]
	GetHandleVerifier [0x00E2154B+426987]
	GetHandleVerifier [0x00E04FFD+310941]
	GetHandleVerifier [0x00E05D8E+314414]
	GetHandleVerifier [0x00E05D19+314297]
	GetHandleVerifier [0x00EC31EC+1089676]
	GetHandleVerifier [0x00EC17C9+1082985]
	GetHandleVerifier [0x00EC13A3+1081923]
	GetHandleVerifier [0x00FBD9FD+2115741]
	Ordinal0 [0x00CEB82E+1488942]
	Ordinal0 [0x00C85A7D+1071741]
	Ordinal0 [0x00C8559B+1070491]
	Ordinal0 [0x00C854B1+1070257]
	Ordinal0 [0x00CBFF53+1310547]
	BaseThreadInitThunk [0x768D0419+25]
	RtlGetAppContainerNamedObjectPath [0x774C662D+237]
	RtlGetAppContainerNamedObjectPath [0x774C65FD+189]
">
      <![CDATA[org.openqa.selenium.SessionNotCreatedException: session not created: This version of ChromeDriver only supports Chrome version 89
Current browser version is 86.0.4240.183 with binary path C:\Program Files (x86)\Google\Chrome\Application\chrome.exe
Build info: version: '3.141.59', revision: 'e82be7d358', time: '2018-11-14T08:17:03'
System info: host: 'FHLT0017', ip: '10.100.100.90', os.name: 'Windows 10', os.arch: 'amd64', os.version: '10.0', java.version: '1.8.0_271'
Driver info: driver.version: ChromeDriver
remote stacktrace: Backtrace:
	Ordinal0 [0x00B9E7D3+124883]
	Ordinal0 [0x00B9E7B1+124849]
	GetHandleVerifier [0x00DE8688+193832]
	GetHandleVerifier [0x00E03AC5+305509]
	GetHandleVerifier [0x00E0021B+291003]
	GetHandleVerifier [0x00DFE0AC+282444]
	GetHandleVerifier [0x00E24A90+440624]
	GetHandleVerifier [0x00E247FC+439964]
	GetHandleVerifier [0x00E2154B+426987]
	GetHandleVerifier [0x00E04FFD+310941]
	GetHandleVerifier [0x00E05D8E+314414]
	GetHandleVerifier [0x00E05D19+314297]
	GetHandleVerifier [0x00EC31EC+1089676]
	GetHandleVerifier [0x00EC17C9+1082985]
	GetHandleVerifier [0x00EC13A3+1081923]
	GetHandleVerifier [0x00FBD9FD+2115741]
	Ordinal0 [0x00CEB82E+1488942]
	Ordinal0 [0x00C85A7D+1071741]
	Ordinal0 [0x00C8559B+1070491]
	Ordinal0 [0x00C854B1+1070257]
	Ordinal0 [0x00CBFF53+1310547]
	BaseThreadInitThunk [0x768D0419+25]
	RtlGetAppContainerNamedObjectPath [0x774C662D+237]
	RtlGetAppContainerNamedObjectPath [0x774C65FD+189]

	at org.openqa.selenium.remote.W3CHandshakeResponse.lambda$errorHandler$0(W3CHandshakeResponse.java:62)
	at org.openqa.selenium.remote.HandshakeResponse.lambda$getResponseFunction$0(HandshakeResponse.java:30)
	at org.openqa.selenium.remote.ProtocolHandshake.lambda$createSession$0(ProtocolHandshake.java:126)
	at java.util.stream.ReferencePipeline$3$1.accept(Unknown Source)
	at java.util.Spliterators$ArraySpliterator.tryAdvance(Unknown Source)
	at java.util.stream.ReferencePipeline.forEachWithCancel(Unknown Source)
	at java.util.stream.AbstractPipeline.copyIntoWithCancel(Unknown Source)
	at java.util.stream.AbstractPipeline.copyInto(Unknown Source)
	at java.util.stream.AbstractPipeline.wrapAndCopyInto(Unknown Source)
	at java.util.stream.FindOps$FindOp.evaluateSequential(Unknown Source)
	at java.util.stream.AbstractPipeline.evaluate(Unknown Source)
	at java.util.stream.ReferencePipeline.findFirst(Unknown Source)
	at org.openqa.selenium.remote.ProtocolHandshake.createSession(ProtocolHandshake.java:128)
	at org.openqa.selenium.remote.ProtocolHandshake.createSession(ProtocolHandshake.java:74)
	at org.openqa.selenium.remote.HttpCommandExecutor.execute(HttpCommandExecutor.java:136)
	at org.openqa.selenium.remote.service.DriverCommandExecutor.execute(DriverCommandExecutor.java:83)
	at org.openqa.selenium.remote.RemoteWebDriver.execute(RemoteWebDriver.java:552)
	at org.openqa.selenium.remote.RemoteWebDriver.startSession(RemoteWebDriver.java:213)
	at org.openqa.selenium.remote.RemoteWebDriver.<init>(RemoteWebDriver.java:131)
	at org.openqa.selenium.chrome.ChromeDriver.<init>(ChromeDriver.java:181)
	at org.openqa.selenium.chrome.ChromeDriver.<init>(ChromeDriver.java:168)
	at org.openqa.selenium.chrome.ChromeDriver.<init>(ChromeDriver.java:123)
	at base.Reusable.launchApp(Reusable.java:50)
	at suite.MavenProject.LoginTest2.beforeClass(LoginTest2.java:31)
... Removed 29 stack frames]]>
    </failure>
  </testcase> <!-- @BeforeClass beforeClass -->
  <testcase name="@AfterClass afterClass" time="0.0" classname="suite.MavenProject.LoginTest2">
    <skipped/>
  </testcase> <!-- @AfterClass afterClass -->
  <testcase name="TC_Login_01" time="0.002" classname="suite.MavenProject.LoginTest2">
    <skipped/>
  </testcase> <!-- TC_Login_01 -->
  <testcase name="TC_Login_02" time="0.002" classname="suite.MavenProject.LoginTest2">
    <skipped/>
  </testcase> <!-- TC_Login_02 -->
  <testcase name="TC_Login_03" time="0.002" classname="suite.MavenProject.LoginTest2">
    <skipped/>
  </testcase> <!-- TC_Login_03 -->
  <testcase name="TC_Login_04" time="0.002" classname="suite.MavenProject.LoginTest2">
    <skipped/>
  </testcase> <!-- TC_Login_04 -->
</testsuite> <!-- Test -->
