<!DOCTYPE html PUBLIC "-//W3C//DTD XHTML 1.1//EN" "http://www.w3.org/TR/xhtml11/DTD/xhtml11.dtd">
<html xmlns="http://www.w3.org/1999/xhtml"><head><title>TestNG Report</title><style type="text/css">table {margin-bottom:10px;border-collapse:collapse;empty-cells:show}th,td {border:1px solid #009;padding:.25em .5em}th {vertical-align:bottom}td {vertical-align:top}table a {font-weight:bold}.stripe td {background-color: #E6EBF9}.num {text-align:right}.passedodd td {background-color: #3F3}.passedeven td {background-color: #0A0}.skippedodd td {background-color: #DDD}.skippedeven td {background-color: #CCC}.failedodd td,.attn {background-color: #F33}.failedeven td,.stripe .attn {background-color: #D00}.stacktrace {white-space:pre;font-family:monospace}.totop {font-size:85%;text-align:center;border-bottom:2px solid #000}</style></head><body><table><tr><th>Test</th><th># Passed</th><th># Skipped</th><th># Failed</th><th>Time (ms)</th><th>Included Groups</th><th>Excluded Groups</th></tr><tr><th colspan="7">Suite</th></tr><tr><td><a href="#t0">Test</a></td><td class="num">0</td><td class="num attn">4</td><td class="num">0</td><td class="num">6,712</td><td></td><td></td></tr></table><table><thead><tr><th>Class</th><th>Method</th><th>Start</th><th>Time (ms)</th></tr></thead><tbody><tr><th colspan="4">Suite</th></tr></tbody><tbody id="t0"><tr><th colspan="4">Test &#8212; failed (configuration methods)</th></tr><tr class="failedeven"><td rowspan="1">suite.MavenProject.LoginTest2</td><td><a href="#m0">beforeClass</a></td><td rowspan="1">1624265931595</td><td rowspan="1">0</td></tr><tr><th colspan="4">Test &#8212; skipped (configuration methods)</th></tr><tr class="skippedeven"><td rowspan="1">suite.MavenProject.LoginTest2</td><td><a href="#m1">afterClass</a></td><td rowspan="1">1624265938292</td><td rowspan="1">0</td></tr><tr><th colspan="4">Test &#8212; skipped</th></tr><tr class="skippedeven"><td rowspan="4">suite.MavenProject.LoginTest2</td><td><a href="#m2">TC_Login_01</a></td><td rowspan="1">1624265938270</td><td rowspan="1">2</td></tr><tr class="skippedeven"><td><a href="#m3">TC_Login_02</a></td><td rowspan="1">1624265938277</td><td rowspan="1">2</td></tr><tr class="skippedeven"><td><a href="#m4">TC_Login_03</a></td><td rowspan="1">1624265938283</td><td rowspan="1">2</td></tr><tr class="skippedeven"><td><a href="#m5">TC_Login_04</a></td><td rowspan="1">1624265938287</td><td rowspan="1">2</td></tr></tbody></table><h2>Test</h2><h3 id="m0">suite.MavenProject.LoginTest2#beforeClass</h3><table class="result"><tr class="param"><th>Parameter #1</th><th>Parameter #2</th></tr><tr class="param stripe"><td>chrome</td><td>http://qa.circulus.io/login.aspx</td></tr><tr><th colspan="2">Exception</th></tr><tr><td colspan="2"><div class="stacktrace">org.openqa.selenium.SessionNotCreatedException: session not created: This version of ChromeDriver only supports Chrome version 89
Current browser version is 86.0.4240.183 with binary path C:\Program Files (x86)\Google\Chrome\Application\chrome.exe
Build info: version: &apos;3.141.59&apos;, revision: &apos;e82be7d358&apos;, time: &apos;2018-11-14T08:17:03&apos;
System info: host: &apos;FHLT0017&apos;, ip: &apos;10.100.100.90&apos;, os.name: &apos;Windows 10&apos;, os.arch: &apos;amd64&apos;, os.version: &apos;10.0&apos;, java.version: &apos;1.8.0_271&apos;
Driver info: driver.version: ChromeDriver
remote stacktrace: Backtrace:
	Ordinal0 [0x00B9E7D3+124883]
	Ordinal0 [0x00B9E7B1+124849]
	GetHandleVerifier [0x00DE8688+193832]
	GetHandleVerifier [0x00E03AC5+305509]
	GetHandleVerifier [0x00E0021B+291003]
	GetHandleVerifier [0x00DFE0AC+282444]
	GetHandleVerifier [0x00E24A90+440624]
	GetHandleVerifier [0x00E247FC+439964]
	GetHandleVerifier [0x00E2154B+426987]
	GetHandleVerifier [0x00E04FFD+310941]
	GetHandleVerifier [0x00E05D8E+314414]
	GetHandleVerifier [0x00E05D19+314297]
	GetHandleVerifier [0x00EC31EC+1089676]
	GetHandleVerifier [0x00EC17C9+1082985]
	GetHandleVerifier [0x00EC13A3+1081923]
	GetHandleVerifier [0x00FBD9FD+2115741]
	Ordinal0 [0x00CEB82E+1488942]
	Ordinal0 [0x00C85A7D+1071741]
	Ordinal0 [0x00C8559B+1070491]
	Ordinal0 [0x00C854B1+1070257]
	Ordinal0 [0x00CBFF53+1310547]
	BaseThreadInitThunk [0x768D0419+25]
	RtlGetAppContainerNamedObjectPath [0x774C662D+237]
	RtlGetAppContainerNamedObjectPath [0x774C65FD+189]

	at org.openqa.selenium.remote.W3CHandshakeResponse.lambda$errorHandler$0(W3CHandshakeResponse.java:62)
	at org.openqa.selenium.remote.HandshakeResponse.lambda$getResponseFunction$0(HandshakeResponse.java:30)
	at org.openqa.selenium.remote.ProtocolHandshake.lambda$createSession$0(ProtocolHandshake.java:126)
	at java.util.stream.ReferencePipeline$3$1.accept(Unknown Source)
	at java.util.Spliterators$ArraySpliterator.tryAdvance(Unknown Source)
	at java.util.stream.ReferencePipeline.forEachWithCancel(Unknown Source)
	at java.util.stream.AbstractPipeline.copyIntoWithCancel(Unknown Source)
	at java.util.stream.AbstractPipeline.copyInto(Unknown Source)
	at java.util.stream.AbstractPipeline.wrapAndCopyInto(Unknown Source)
	at java.util.stream.FindOps$FindOp.evaluateSequential(Unknown Source)
	at java.util.stream.AbstractPipeline.evaluate(Unknown Source)
	at java.util.stream.ReferencePipeline.findFirst(Unknown Source)
	at org.openqa.selenium.remote.ProtocolHandshake.createSession(ProtocolHandshake.java:128)
	at org.openqa.selenium.remote.ProtocolHandshake.createSession(ProtocolHandshake.java:74)
	at org.openqa.selenium.remote.HttpCommandExecutor.execute(HttpCommandExecutor.java:136)
	at org.openqa.selenium.remote.service.DriverCommandExecutor.execute(DriverCommandExecutor.java:83)
	at org.openqa.selenium.remote.RemoteWebDriver.execute(RemoteWebDriver.java:552)
	at org.openqa.selenium.remote.RemoteWebDriver.startSession(RemoteWebDriver.java:213)
	at org.openqa.selenium.remote.RemoteWebDriver.&lt;init&gt;(RemoteWebDriver.java:131)
	at org.openqa.selenium.chrome.ChromeDriver.&lt;init&gt;(ChromeDriver.java:181)
	at org.openqa.selenium.chrome.ChromeDriver.&lt;init&gt;(ChromeDriver.java:168)
	at org.openqa.selenium.chrome.ChromeDriver.&lt;init&gt;(ChromeDriver.java:123)
	at base.Reusable.launchApp(Reusable.java:50)
	at suite.MavenProject.LoginTest2.beforeClass(LoginTest2.java:31)
... Removed 29 stack frames</div></td></tr></table><p class="totop"><a href="#summary">back to summary</a></p><h3 id="m1">suite.MavenProject.LoginTest2#afterClass</h3><table class="result"></table><p class="totop"><a href="#summary">back to summary</a></p><h3 id="m2">suite.MavenProject.LoginTest2#TC_Login_01</h3><table class="result"><tr><th>Exception</th></tr><tr><td><div class="stacktrace">org.openqa.selenium.SessionNotCreatedException: session not created: This version of ChromeDriver only supports Chrome version 89
Current browser version is 86.0.4240.183 with binary path C:\Program Files (x86)\Google\Chrome\Application\chrome.exe
Build info: version: &apos;3.141.59&apos;, revision: &apos;e82be7d358&apos;, time: &apos;2018-11-14T08:17:03&apos;
System info: host: &apos;FHLT0017&apos;, ip: &apos;10.100.100.90&apos;, os.name: &apos;Windows 10&apos;, os.arch: &apos;amd64&apos;, os.version: &apos;10.0&apos;, java.version: &apos;1.8.0_271&apos;
Driver info: driver.version: ChromeDriver
remote stacktrace: Backtrace:
	Ordinal0 [0x00B9E7D3+124883]
	Ordinal0 [0x00B9E7B1+124849]
	GetHandleVerifier [0x00DE8688+193832]
	GetHandleVerifier [0x00E03AC5+305509]
	GetHandleVerifier [0x00E0021B+291003]
	GetHandleVerifier [0x00DFE0AC+282444]
	GetHandleVerifier [0x00E24A90+440624]
	GetHandleVerifier [0x00E247FC+439964]
	GetHandleVerifier [0x00E2154B+426987]
	GetHandleVerifier [0x00E04FFD+310941]
	GetHandleVerifier [0x00E05D8E+314414]
	GetHandleVerifier [0x00E05D19+314297]
	GetHandleVerifier [0x00EC31EC+1089676]
	GetHandleVerifier [0x00EC17C9+1082985]
	GetHandleVerifier [0x00EC13A3+1081923]
	GetHandleVerifier [0x00FBD9FD+2115741]
	Ordinal0 [0x00CEB82E+1488942]
	Ordinal0 [0x00C85A7D+1071741]
	Ordinal0 [0x00C8559B+1070491]
	Ordinal0 [0x00C854B1+1070257]
	Ordinal0 [0x00CBFF53+1310547]
	BaseThreadInitThunk [0x768D0419+25]
	RtlGetAppContainerNamedObjectPath [0x774C662D+237]
	RtlGetAppContainerNamedObjectPath [0x774C65FD+189]

	at org.openqa.selenium.remote.W3CHandshakeResponse.lambda$errorHandler$0(W3CHandshakeResponse.java:62)
	at org.openqa.selenium.remote.HandshakeResponse.lambda$getResponseFunction$0(HandshakeResponse.java:30)
	at org.openqa.selenium.remote.ProtocolHandshake.lambda$createSession$0(ProtocolHandshake.java:126)
	at java.util.stream.ReferencePipeline$3$1.accept(Unknown Source)
	at java.util.Spliterators$ArraySpliterator.tryAdvance(Unknown Source)
	at java.util.stream.ReferencePipeline.forEachWithCancel(Unknown Source)
	at java.util.stream.AbstractPipeline.copyIntoWithCancel(Unknown Source)
	at java.util.stream.AbstractPipeline.copyInto(Unknown Source)
	at java.util.stream.AbstractPipeline.wrapAndCopyInto(Unknown Source)
	at java.util.stream.FindOps$FindOp.evaluateSequential(Unknown Source)
	at java.util.stream.AbstractPipeline.evaluate(Unknown Source)
	at java.util.stream.ReferencePipeline.findFirst(Unknown Source)
	at org.openqa.selenium.remote.ProtocolHandshake.createSession(ProtocolHandshake.java:128)
	at org.openqa.selenium.remote.ProtocolHandshake.createSession(ProtocolHandshake.java:74)
	at org.openqa.selenium.remote.HttpCommandExecutor.execute(HttpCommandExecutor.java:136)
	at org.openqa.selenium.remote.service.DriverCommandExecutor.execute(DriverCommandExecutor.java:83)
	at org.openqa.selenium.remote.RemoteWebDriver.execute(RemoteWebDriver.java:552)
	at org.openqa.selenium.remote.RemoteWebDriver.startSession(RemoteWebDriver.java:213)
	at org.openqa.selenium.remote.RemoteWebDriver.&lt;init&gt;(RemoteWebDriver.java:131)
	at org.openqa.selenium.chrome.ChromeDriver.&lt;init&gt;(ChromeDriver.java:181)
	at org.openqa.selenium.chrome.ChromeDriver.&lt;init&gt;(ChromeDriver.java:168)
	at org.openqa.selenium.chrome.ChromeDriver.&lt;init&gt;(ChromeDriver.java:123)
	at base.Reusable.launchApp(Reusable.java:50)
	at suite.MavenProject.LoginTest2.beforeClass(LoginTest2.java:31)
... Removed 29 stack frames</div></td></tr></table><p class="totop"><a href="#summary">back to summary</a></p><h3 id="m3">suite.MavenProject.LoginTest2#TC_Login_02</h3><table class="result"><tr><th>Exception</th></tr><tr><td><div class="stacktrace">org.openqa.selenium.SessionNotCreatedException: session not created: This version of ChromeDriver only supports Chrome version 89
Current browser version is 86.0.4240.183 with binary path C:\Program Files (x86)\Google\Chrome\Application\chrome.exe
Build info: version: &apos;3.141.59&apos;, revision: &apos;e82be7d358&apos;, time: &apos;2018-11-14T08:17:03&apos;
System info: host: &apos;FHLT0017&apos;, ip: &apos;10.100.100.90&apos;, os.name: &apos;Windows 10&apos;, os.arch: &apos;amd64&apos;, os.version: &apos;10.0&apos;, java.version: &apos;1.8.0_271&apos;
Driver info: driver.version: ChromeDriver
remote stacktrace: Backtrace:
	Ordinal0 [0x00B9E7D3+124883]
	Ordinal0 [0x00B9E7B1+124849]
	GetHandleVerifier [0x00DE8688+193832]
	GetHandleVerifier [0x00E03AC5+305509]
	GetHandleVerifier [0x00E0021B+291003]
	GetHandleVerifier [0x00DFE0AC+282444]
	GetHandleVerifier [0x00E24A90+440624]
	GetHandleVerifier [0x00E247FC+439964]
	GetHandleVerifier [0x00E2154B+426987]
	GetHandleVerifier [0x00E04FFD+310941]
	GetHandleVerifier [0x00E05D8E+314414]
	GetHandleVerifier [0x00E05D19+314297]
	GetHandleVerifier [0x00EC31EC+1089676]
	GetHandleVerifier [0x00EC17C9+1082985]
	GetHandleVerifier [0x00EC13A3+1081923]
	GetHandleVerifier [0x00FBD9FD+2115741]
	Ordinal0 [0x00CEB82E+1488942]
	Ordinal0 [0x00C85A7D+1071741]
	Ordinal0 [0x00C8559B+1070491]
	Ordinal0 [0x00C854B1+1070257]
	Ordinal0 [0x00CBFF53+1310547]
	BaseThreadInitThunk [0x768D0419+25]
	RtlGetAppContainerNamedObjectPath [0x774C662D+237]
	RtlGetAppContainerNamedObjectPath [0x774C65FD+189]

	at org.openqa.selenium.remote.W3CHandshakeResponse.lambda$errorHandler$0(W3CHandshakeResponse.java:62)
	at org.openqa.selenium.remote.HandshakeResponse.lambda$getResponseFunction$0(HandshakeResponse.java:30)
	at org.openqa.selenium.remote.ProtocolHandshake.lambda$createSession$0(ProtocolHandshake.java:126)
	at java.util.stream.ReferencePipeline$3$1.accept(Unknown Source)
	at java.util.Spliterators$ArraySpliterator.tryAdvance(Unknown Source)
	at java.util.stream.ReferencePipeline.forEachWithCancel(Unknown Source)
	at java.util.stream.AbstractPipeline.copyIntoWithCancel(Unknown Source)
	at java.util.stream.AbstractPipeline.copyInto(Unknown Source)
	at java.util.stream.AbstractPipeline.wrapAndCopyInto(Unknown Source)
	at java.util.stream.FindOps$FindOp.evaluateSequential(Unknown Source)
	at java.util.stream.AbstractPipeline.evaluate(Unknown Source)
	at java.util.stream.ReferencePipeline.findFirst(Unknown Source)
	at org.openqa.selenium.remote.ProtocolHandshake.createSession(ProtocolHandshake.java:128)
	at org.openqa.selenium.remote.ProtocolHandshake.createSession(ProtocolHandshake.java:74)
	at org.openqa.selenium.remote.HttpCommandExecutor.execute(HttpCommandExecutor.java:136)
	at org.openqa.selenium.remote.service.DriverCommandExecutor.execute(DriverCommandExecutor.java:83)
	at org.openqa.selenium.remote.RemoteWebDriver.execute(RemoteWebDriver.java:552)
	at org.openqa.selenium.remote.RemoteWebDriver.startSession(RemoteWebDriver.java:213)
	at org.openqa.selenium.remote.RemoteWebDriver.&lt;init&gt;(RemoteWebDriver.java:131)
	at org.openqa.selenium.chrome.ChromeDriver.&lt;init&gt;(ChromeDriver.java:181)
	at org.openqa.selenium.chrome.ChromeDriver.&lt;init&gt;(ChromeDriver.java:168)
	at org.openqa.selenium.chrome.ChromeDriver.&lt;init&gt;(ChromeDriver.java:123)
	at base.Reusable.launchApp(Reusable.java:50)
	at suite.MavenProject.LoginTest2.beforeClass(LoginTest2.java:31)
... Removed 29 stack frames</div></td></tr></table><p class="totop"><a href="#summary">back to summary</a></p><h3 id="m4">suite.MavenProject.LoginTest2#TC_Login_03</h3><table class="result"><tr><th>Exception</th></tr><tr><td><div class="stacktrace">org.openqa.selenium.SessionNotCreatedException: session not created: This version of ChromeDriver only supports Chrome version 89
Current browser version is 86.0.4240.183 with binary path C:\Program Files (x86)\Google\Chrome\Application\chrome.exe
Build info: version: &apos;3.141.59&apos;, revision: &apos;e82be7d358&apos;, time: &apos;2018-11-14T08:17:03&apos;
System info: host: &apos;FHLT0017&apos;, ip: &apos;10.100.100.90&apos;, os.name: &apos;Windows 10&apos;, os.arch: &apos;amd64&apos;, os.version: &apos;10.0&apos;, java.version: &apos;1.8.0_271&apos;
Driver info: driver.version: ChromeDriver
remote stacktrace: Backtrace:
	Ordinal0 [0x00B9E7D3+124883]
	Ordinal0 [0x00B9E7B1+124849]
	GetHandleVerifier [0x00DE8688+193832]
	GetHandleVerifier [0x00E03AC5+305509]
	GetHandleVerifier [0x00E0021B+291003]
	GetHandleVerifier [0x00DFE0AC+282444]
	GetHandleVerifier [0x00E24A90+440624]
	GetHandleVerifier [0x00E247FC+439964]
	GetHandleVerifier [0x00E2154B+426987]
	GetHandleVerifier [0x00E04FFD+310941]
	GetHandleVerifier [0x00E05D8E+314414]
	GetHandleVerifier [0x00E05D19+314297]
	GetHandleVerifier [0x00EC31EC+1089676]
	GetHandleVerifier [0x00EC17C9+1082985]
	GetHandleVerifier [0x00EC13A3+1081923]
	GetHandleVerifier [0x00FBD9FD+2115741]
	Ordinal0 [0x00CEB82E+1488942]
	Ordinal0 [0x00C85A7D+1071741]
	Ordinal0 [0x00C8559B+1070491]
	Ordinal0 [0x00C854B1+1070257]
	Ordinal0 [0x00CBFF53+1310547]
	BaseThreadInitThunk [0x768D0419+25]
	RtlGetAppContainerNamedObjectPath [0x774C662D+237]
	RtlGetAppContainerNamedObjectPath [0x774C65FD+189]

	at org.openqa.selenium.remote.W3CHandshakeResponse.lambda$errorHandler$0(W3CHandshakeResponse.java:62)
	at org.openqa.selenium.remote.HandshakeResponse.lambda$getResponseFunction$0(HandshakeResponse.java:30)
	at org.openqa.selenium.remote.ProtocolHandshake.lambda$createSession$0(ProtocolHandshake.java:126)
	at java.util.stream.ReferencePipeline$3$1.accept(Unknown Source)
	at java.util.Spliterators$ArraySpliterator.tryAdvance(Unknown Source)
	at java.util.stream.ReferencePipeline.forEachWithCancel(Unknown Source)
	at java.util.stream.AbstractPipeline.copyIntoWithCancel(Unknown Source)
	at java.util.stream.AbstractPipeline.copyInto(Unknown Source)
	at java.util.stream.AbstractPipeline.wrapAndCopyInto(Unknown Source)
	at java.util.stream.FindOps$FindOp.evaluateSequential(Unknown Source)
	at java.util.stream.AbstractPipeline.evaluate(Unknown Source)
	at java.util.stream.ReferencePipeline.findFirst(Unknown Source)
	at org.openqa.selenium.remote.ProtocolHandshake.createSession(ProtocolHandshake.java:128)
	at org.openqa.selenium.remote.ProtocolHandshake.createSession(ProtocolHandshake.java:74)
	at org.openqa.selenium.remote.HttpCommandExecutor.execute(HttpCommandExecutor.java:136)
	at org.openqa.selenium.remote.service.DriverCommandExecutor.execute(DriverCommandExecutor.java:83)
	at org.openqa.selenium.remote.RemoteWebDriver.execute(RemoteWebDriver.java:552)
	at org.openqa.selenium.remote.RemoteWebDriver.startSession(RemoteWebDriver.java:213)
	at org.openqa.selenium.remote.RemoteWebDriver.&lt;init&gt;(RemoteWebDriver.java:131)
	at org.openqa.selenium.chrome.ChromeDriver.&lt;init&gt;(ChromeDriver.java:181)
	at org.openqa.selenium.chrome.ChromeDriver.&lt;init&gt;(ChromeDriver.java:168)
	at org.openqa.selenium.chrome.ChromeDriver.&lt;init&gt;(ChromeDriver.java:123)
	at base.Reusable.launchApp(Reusable.java:50)
	at suite.MavenProject.LoginTest2.beforeClass(LoginTest2.java:31)
... Removed 29 stack frames</div></td></tr></table><p class="totop"><a href="#summary">back to summary</a></p><h3 id="m5">suite.MavenProject.LoginTest2#TC_Login_04</h3><table class="result"><tr><th>Exception</th></tr><tr><td><div class="stacktrace">org.openqa.selenium.SessionNotCreatedException: session not created: This version of ChromeDriver only supports Chrome version 89
Current browser version is 86.0.4240.183 with binary path C:\Program Files (x86)\Google\Chrome\Application\chrome.exe
Build info: version: &apos;3.141.59&apos;, revision: &apos;e82be7d358&apos;, time: &apos;2018-11-14T08:17:03&apos;
System info: host: &apos;FHLT0017&apos;, ip: &apos;10.100.100.90&apos;, os.name: &apos;Windows 10&apos;, os.arch: &apos;amd64&apos;, os.version: &apos;10.0&apos;, java.version: &apos;1.8.0_271&apos;
Driver info: driver.version: ChromeDriver
remote stacktrace: Backtrace:
	Ordinal0 [0x00B9E7D3+124883]
	Ordinal0 [0x00B9E7B1+124849]
	GetHandleVerifier [0x00DE8688+193832]
	GetHandleVerifier [0x00E03AC5+305509]
	GetHandleVerifier [0x00E0021B+291003]
	GetHandleVerifier [0x00DFE0AC+282444]
	GetHandleVerifier [0x00E24A90+440624]
	GetHandleVerifier [0x00E247FC+439964]
	GetHandleVerifier [0x00E2154B+426987]
	GetHandleVerifier [0x00E04FFD+310941]
	GetHandleVerifier [0x00E05D8E+314414]
	GetHandleVerifier [0x00E05D19+314297]
	GetHandleVerifier [0x00EC31EC+1089676]
	GetHandleVerifier [0x00EC17C9+1082985]
	GetHandleVerifier [0x00EC13A3+1081923]
	GetHandleVerifier [0x00FBD9FD+2115741]
	Ordinal0 [0x00CEB82E+1488942]
	Ordinal0 [0x00C85A7D+1071741]
	Ordinal0 [0x00C8559B+1070491]
	Ordinal0 [0x00C854B1+1070257]
	Ordinal0 [0x00CBFF53+1310547]
	BaseThreadInitThunk [0x768D0419+25]
	RtlGetAppContainerNamedObjectPath [0x774C662D+237]
	RtlGetAppContainerNamedObjectPath [0x774C65FD+189]

	at org.openqa.selenium.remote.W3CHandshakeResponse.lambda$errorHandler$0(W3CHandshakeResponse.java:62)
	at org.openqa.selenium.remote.HandshakeResponse.lambda$getResponseFunction$0(HandshakeResponse.java:30)
	at org.openqa.selenium.remote.ProtocolHandshake.lambda$createSession$0(ProtocolHandshake.java:126)
	at java.util.stream.ReferencePipeline$3$1.accept(Unknown Source)
	at java.util.Spliterators$ArraySpliterator.tryAdvance(Unknown Source)
	at java.util.stream.ReferencePipeline.forEachWithCancel(Unknown Source)
	at java.util.stream.AbstractPipeline.copyIntoWithCancel(Unknown Source)
	at java.util.stream.AbstractPipeline.copyInto(Unknown Source)
	at java.util.stream.AbstractPipeline.wrapAndCopyInto(Unknown Source)
	at java.util.stream.FindOps$FindOp.evaluateSequential(Unknown Source)
	at java.util.stream.AbstractPipeline.evaluate(Unknown Source)
	at java.util.stream.ReferencePipeline.findFirst(Unknown Source)
	at org.openqa.selenium.remote.ProtocolHandshake.createSession(ProtocolHandshake.java:128)
	at org.openqa.selenium.remote.ProtocolHandshake.createSession(ProtocolHandshake.java:74)
	at org.openqa.selenium.remote.HttpCommandExecutor.execute(HttpCommandExecutor.java:136)
	at org.openqa.selenium.remote.service.DriverCommandExecutor.execute(DriverCommandExecutor.java:83)
	at org.openqa.selenium.remote.RemoteWebDriver.execute(RemoteWebDriver.java:552)
	at org.openqa.selenium.remote.RemoteWebDriver.startSession(RemoteWebDriver.java:213)
	at org.openqa.selenium.remote.RemoteWebDriver.&lt;init&gt;(RemoteWebDriver.java:131)
	at org.openqa.selenium.chrome.ChromeDriver.&lt;init&gt;(ChromeDriver.java:181)
	at org.openqa.selenium.chrome.ChromeDriver.&lt;init&gt;(ChromeDriver.java:168)
	at org.openqa.selenium.chrome.ChromeDriver.&lt;init&gt;(ChromeDriver.java:123)
	at base.Reusable.launchApp(Reusable.java:50)
	at suite.MavenProject.LoginTest2.beforeClass(LoginTest2.java:31)
... Removed 29 stack frames</div></td></tr></table><p class="totop"><a href="#summary">back to summary</a></p></body></html>