<?xml version="1.0" encoding="UTF-8"?>
<testng-results skipped="4" failed="0" ignored="0" total="4" passed="0">
  <reporter-output>
  </reporter-output>
  <suite name="Suite" duration-ms="6712" started-at="2021-06-21T08:58:51Z" finished-at="2021-06-21T08:58:58Z">
    <groups>
    </groups>
    <test name="Test" duration-ms="6712" started-at="2021-06-21T08:58:51Z" finished-at="2021-06-21T08:58:58Z">
      <class name="suite.MavenProject.LoginTest2">
        <test-method status="FAIL" signature="beforeClass(java.lang.String, java.lang.String)[pri:0, instance:suite.MavenProject.LoginTest2@ae45eb6]" name="beforeClass" is-config="true" duration-ms="0" started-at="2021-06-21T14:28:51Z" finished-at="2021-06-21T14:28:51Z">
          <params>
            <param index="0">
              <value>
                <![CDATA[chrome]]>
              </value>
            </param>
            <param index="1">
              <value>
                <![CDATA[http://qa.circulus.io/login.aspx]]>
              </value>
            </param>
          </params>
          <exception class="org.openqa.selenium.SessionNotCreatedException">
            <message>
              <![CDATA[session not created: This version of ChromeDriver only supports Chrome version 89
Current browser version is 86.0.4240.183 with binary path C:\Program Files (x86)\Google\Chrome\Application\chrome.exe
Build info: version: '3.141.59', revision: 'e82be7d358', time: '2018-11-14T08:17:03'
System info: host: 'FHLT0017', ip: '10.100.100.90', os.name: 'Windows 10', os.arch: 'amd64', os.version: '10.0', java.version: '1.8.0_271'
Driver info: driver.version: ChromeDriver
remote stacktrace: Backtrace:
	Ordinal0 [0x00B9E7D3+124883]
	Ordinal0 [0x00B9E7B1+124849]
	GetHandleVerifier [0x00DE8688+193832]
	GetHandleVerifier [0x00E03AC5+305509]
	GetHandleVerifier [0x00E0021B+291003]
	GetHandleVerifier [0x00DFE0AC+282444]
	GetHandleVerifier [0x00E24A90+440624]
	GetHandleVerifier [0x00E247FC+439964]
	GetHandleVerifier [0x00E2154B+426987]
	GetHandleVerifier [0x00E04FFD+310941]
	GetHandleVerifier [0x00E05D8E+314414]
	GetHandleVerifier [0x00E05D19+314297]
	GetHandleVerifier [0x00EC31EC+1089676]
	GetHandleVerifier [0x00EC17C9+1082985]
	GetHandleVerifier [0x00EC13A3+1081923]
	GetHandleVerifier [0x00FBD9FD+2115741]
	Ordinal0 [0x00CEB82E+1488942]
	Ordinal0 [0x00C85A7D+1071741]
	Ordinal0 [0x00C8559B+1070491]
	Ordinal0 [0x00C854B1+1070257]
	Ordinal0 [0x00CBFF53+1310547]
	BaseThreadInitThunk [0x768D0419+25]
	RtlGetAppContainerNamedObjectPath [0x774C662D+237]
	RtlGetAppContainerNamedObjectPath [0x774C65FD+189]
]]>
            </message>
            <full-stacktrace>
              <![CDATA[org.openqa.selenium.SessionNotCreatedException: session not created: This version of ChromeDriver only supports Chrome version 89
Current browser version is 86.0.4240.183 with binary path C:\Program Files (x86)\Google\Chrome\Application\chrome.exe
Build info: version: '3.141.59', revision: 'e82be7d358', time: '2018-11-14T08:17:03'
System info: host: 'FHLT0017', ip: '10.100.100.90', os.name: 'Windows 10', os.arch: 'amd64', os.version: '10.0', java.version: '1.8.0_271'
Driver info: driver.version: ChromeDriver
remote stacktrace: Backtrace:
	Ordinal0 [0x00B9E7D3+124883]
	Ordinal0 [0x00B9E7B1+124849]
	GetHandleVerifier [0x00DE8688+193832]
	GetHandleVerifier [0x00E03AC5+305509]
	GetHandleVerifier [0x00E0021B+291003]
	GetHandleVerifier [0x00DFE0AC+282444]
	GetHandleVerifier [0x00E24A90+440624]
	GetHandleVerifier [0x00E247FC+439964]
	GetHandleVerifier [0x00E2154B+426987]
	GetHandleVerifier [0x00E04FFD+310941]
	GetHandleVerifier [0x00E05D8E+314414]
	GetHandleVerifier [0x00E05D19+314297]
	GetHandleVerifier [0x00EC31EC+1089676]
	GetHandleVerifier [0x00EC17C9+1082985]
	GetHandleVerifier [0x00EC13A3+1081923]
	GetHandleVerifier [0x00FBD9FD+2115741]
	Ordinal0 [0x00CEB82E+1488942]
	Ordinal0 [0x00C85A7D+1071741]
	Ordinal0 [0x00C8559B+1070491]
	Ordinal0 [0x00C854B1+1070257]
	Ordinal0 [0x00CBFF53+1310547]
	BaseThreadInitThunk [0x768D0419+25]
	RtlGetAppContainerNamedObjectPath [0x774C662D+237]
	RtlGetAppContainerNamedObjectPath [0x774C65FD+189]

	at sun.reflect.NativeConstructorAccessorImpl.newInstance0(Native Method)
	at sun.reflect.NativeConstructorAccessorImpl.newInstance(Unknown Source)
	at sun.reflect.DelegatingConstructorAccessorImpl.newInstance(Unknown Source)
	at java.lang.reflect.Constructor.newInstance(Unknown Source)
	at org.openqa.selenium.remote.W3CHandshakeResponse.lambda$errorHandler$0(W3CHandshakeResponse.java:62)
	at org.openqa.selenium.remote.HandshakeResponse.lambda$getResponseFunction$0(HandshakeResponse.java:30)
	at org.openqa.selenium.remote.ProtocolHandshake.lambda$createSession$0(ProtocolHandshake.java:126)
	at java.util.stream.ReferencePipeline$3$1.accept(Unknown Source)
	at java.util.Spliterators$ArraySpliterator.tryAdvance(Unknown Source)
	at java.util.stream.ReferencePipeline.forEachWithCancel(Unknown Source)
	at java.util.stream.AbstractPipeline.copyIntoWithCancel(Unknown Source)
	at java.util.stream.AbstractPipeline.copyInto(Unknown Source)
	at java.util.stream.AbstractPipeline.wrapAndCopyInto(Unknown Source)
	at java.util.stream.FindOps$FindOp.evaluateSequential(Unknown Source)
	at java.util.stream.AbstractPipeline.evaluate(Unknown Source)
	at java.util.stream.ReferencePipeline.findFirst(Unknown Source)
	at org.openqa.selenium.remote.ProtocolHandshake.createSession(ProtocolHandshake.java:128)
	at org.openqa.selenium.remote.ProtocolHandshake.createSession(ProtocolHandshake.java:74)
	at org.openqa.selenium.remote.HttpCommandExecutor.execute(HttpCommandExecutor.java:136)
	at org.openqa.selenium.remote.service.DriverCommandExecutor.execute(DriverCommandExecutor.java:83)
	at org.openqa.selenium.remote.RemoteWebDriver.execute(RemoteWebDriver.java:552)
	at org.openqa.selenium.remote.RemoteWebDriver.startSession(RemoteWebDriver.java:213)
	at org.openqa.selenium.remote.RemoteWebDriver.<init>(RemoteWebDriver.java:131)
	at org.openqa.selenium.chrome.ChromeDriver.<init>(ChromeDriver.java:181)
	at org.openqa.selenium.chrome.ChromeDriver.<init>(ChromeDriver.java:168)
	at org.openqa.selenium.chrome.ChromeDriver.<init>(ChromeDriver.java:123)
	at base.Reusable.launchApp(Reusable.java:50)
	at suite.MavenProject.LoginTest2.beforeClass(LoginTest2.java:31)
	at sun.reflect.NativeMethodAccessorImpl.invoke0(Native Method)
	at sun.reflect.NativeMethodAccessorImpl.invoke(Unknown Source)
	at sun.reflect.DelegatingMethodAccessorImpl.invoke(Unknown Source)
	at java.lang.reflect.Method.invoke(Unknown Source)
	at org.testng.internal.MethodInvocationHelper.invokeMethod(MethodInvocationHelper.java:104)
	at org.testng.internal.Invoker.invokeConfigurationMethod(Invoker.java:515)
	at org.testng.internal.Invoker.invokeConfigurations(Invoker.java:217)
	at org.testng.internal.Invoker.invokeConfigurations(Invoker.java:144)
	at org.testng.internal.TestMethodWorker.invokeBeforeClassMethods(TestMethodWorker.java:169)
	at org.testng.internal.TestMethodWorker.run(TestMethodWorker.java:108)
	at org.testng.TestRunner.privateRun(TestRunner.java:756)
	at org.testng.TestRunner.run(TestRunner.java:610)
	at org.testng.SuiteRunner.runTest(SuiteRunner.java:387)
	at org.testng.SuiteRunner.runSequentially(SuiteRunner.java:382)
	at org.testng.SuiteRunner.privateRun(SuiteRunner.java:340)
	at org.testng.SuiteRunner.run(SuiteRunner.java:289)
	at org.testng.SuiteRunnerWorker.runSuite(SuiteRunnerWorker.java:52)
	at org.testng.SuiteRunnerWorker.run(SuiteRunnerWorker.java:86)
	at org.testng.TestNG.runSuitesSequentially(TestNG.java:1293)
	at org.testng.TestNG.runSuitesLocally(TestNG.java:1218)
	at org.testng.TestNG.runSuites(TestNG.java:1133)
	at org.testng.TestNG.run(TestNG.java:1104)
	at org.testng.remote.AbstractRemoteTestNG.run(AbstractRemoteTestNG.java:132)
	at org.testng.remote.RemoteTestNG.initAndRun(RemoteTestNG.java:236)
	at org.testng.remote.RemoteTestNG.main(RemoteTestNG.java:81)
]]>
            </full-stacktrace>
          </exception> <!-- org.openqa.selenium.SessionNotCreatedException -->
          <reporter-output>
          </reporter-output>
        </test-method> <!-- beforeClass -->
        <test-method status="SKIP" signature="TC_Login_01()[pri:0, instance:suite.MavenProject.LoginTest2@ae45eb6]" name="TC_Login_01" duration-ms="2" started-at="2021-06-21T14:28:58Z" finished-at="2021-06-21T14:28:58Z">
          <exception class="org.openqa.selenium.SessionNotCreatedException">
            <message>
              <![CDATA[session not created: This version of ChromeDriver only supports Chrome version 89
Current browser version is 86.0.4240.183 with binary path C:\Program Files (x86)\Google\Chrome\Application\chrome.exe
Build info: version: '3.141.59', revision: 'e82be7d358', time: '2018-11-14T08:17:03'
System info: host: 'FHLT0017', ip: '10.100.100.90', os.name: 'Windows 10', os.arch: 'amd64', os.version: '10.0', java.version: '1.8.0_271'
Driver info: driver.version: ChromeDriver
remote stacktrace: Backtrace:
	Ordinal0 [0x00B9E7D3+124883]
	Ordinal0 [0x00B9E7B1+124849]
	GetHandleVerifier [0x00DE8688+193832]
	GetHandleVerifier [0x00E03AC5+305509]
	GetHandleVerifier [0x00E0021B+291003]
	GetHandleVerifier [0x00DFE0AC+282444]
	GetHandleVerifier [0x00E24A90+440624]
	GetHandleVerifier [0x00E247FC+439964]
	GetHandleVerifier [0x00E2154B+426987]
	GetHandleVerifier [0x00E04FFD+310941]
	GetHandleVerifier [0x00E05D8E+314414]
	GetHandleVerifier [0x00E05D19+314297]
	GetHandleVerifier [0x00EC31EC+1089676]
	GetHandleVerifier [0x00EC17C9+1082985]
	GetHandleVerifier [0x00EC13A3+1081923]
	GetHandleVerifier [0x00FBD9FD+2115741]
	Ordinal0 [0x00CEB82E+1488942]
	Ordinal0 [0x00C85A7D+1071741]
	Ordinal0 [0x00C8559B+1070491]
	Ordinal0 [0x00C854B1+1070257]
	Ordinal0 [0x00CBFF53+1310547]
	BaseThreadInitThunk [0x768D0419+25]
	RtlGetAppContainerNamedObjectPath [0x774C662D+237]
	RtlGetAppContainerNamedObjectPath [0x774C65FD+189]
]]>
            </message>
            <full-stacktrace>
              <![CDATA[org.openqa.selenium.SessionNotCreatedException: session not created: This version of ChromeDriver only supports Chrome version 89
Current browser version is 86.0.4240.183 with binary path C:\Program Files (x86)\Google\Chrome\Application\chrome.exe
Build info: version: '3.141.59', revision: 'e82be7d358', time: '2018-11-14T08:17:03'
System info: host: 'FHLT0017', ip: '10.100.100.90', os.name: 'Windows 10', os.arch: 'amd64', os.version: '10.0', java.version: '1.8.0_271'
Driver info: driver.version: ChromeDriver
remote stacktrace: Backtrace:
	Ordinal0 [0x00B9E7D3+124883]
	Ordinal0 [0x00B9E7B1+124849]
	GetHandleVerifier [0x00DE8688+193832]
	GetHandleVerifier [0x00E03AC5+305509]
	GetHandleVerifier [0x00E0021B+291003]
	GetHandleVerifier [0x00DFE0AC+282444]
	GetHandleVerifier [0x00E24A90+440624]
	GetHandleVerifier [0x00E247FC+439964]
	GetHandleVerifier [0x00E2154B+426987]
	GetHandleVerifier [0x00E04FFD+310941]
	GetHandleVerifier [0x00E05D8E+314414]
	GetHandleVerifier [0x00E05D19+314297]
	GetHandleVerifier [0x00EC31EC+1089676]
	GetHandleVerifier [0x00EC17C9+1082985]
	GetHandleVerifier [0x00EC13A3+1081923]
	GetHandleVerifier [0x00FBD9FD+2115741]
	Ordinal0 [0x00CEB82E+1488942]
	Ordinal0 [0x00C85A7D+1071741]
	Ordinal0 [0x00C8559B+1070491]
	Ordinal0 [0x00C854B1+1070257]
	Ordinal0 [0x00CBFF53+1310547]
	BaseThreadInitThunk [0x768D0419+25]
	RtlGetAppContainerNamedObjectPath [0x774C662D+237]
	RtlGetAppContainerNamedObjectPath [0x774C65FD+189]

	at sun.reflect.NativeConstructorAccessorImpl.newInstance0(Native Method)
	at sun.reflect.NativeConstructorAccessorImpl.newInstance(Unknown Source)
	at sun.reflect.DelegatingConstructorAccessorImpl.newInstance(Unknown Source)
	at java.lang.reflect.Constructor.newInstance(Unknown Source)
	at org.openqa.selenium.remote.W3CHandshakeResponse.lambda$errorHandler$0(W3CHandshakeResponse.java:62)
	at org.openqa.selenium.remote.HandshakeResponse.lambda$getResponseFunction$0(HandshakeResponse.java:30)
	at org.openqa.selenium.remote.ProtocolHandshake.lambda$createSession$0(ProtocolHandshake.java:126)
	at java.util.stream.ReferencePipeline$3$1.accept(Unknown Source)
	at java.util.Spliterators$ArraySpliterator.tryAdvance(Unknown Source)
	at java.util.stream.ReferencePipeline.forEachWithCancel(Unknown Source)
	at java.util.stream.AbstractPipeline.copyIntoWithCancel(Unknown Source)
	at java.util.stream.AbstractPipeline.copyInto(Unknown Source)
	at java.util.stream.AbstractPipeline.wrapAndCopyInto(Unknown Source)
	at java.util.stream.FindOps$FindOp.evaluateSequential(Unknown Source)
	at java.util.stream.AbstractPipeline.evaluate(Unknown Source)
	at java.util.stream.ReferencePipeline.findFirst(Unknown Source)
	at org.openqa.selenium.remote.ProtocolHandshake.createSession(ProtocolHandshake.java:128)
	at org.openqa.selenium.remote.ProtocolHandshake.createSession(ProtocolHandshake.java:74)
	at org.openqa.selenium.remote.HttpCommandExecutor.execute(HttpCommandExecutor.java:136)
	at org.openqa.selenium.remote.service.DriverCommandExecutor.execute(DriverCommandExecutor.java:83)
	at org.openqa.selenium.remote.RemoteWebDriver.execute(RemoteWebDriver.java:552)
	at org.openqa.selenium.remote.RemoteWebDriver.startSession(RemoteWebDriver.java:213)
	at org.openqa.selenium.remote.RemoteWebDriver.<init>(RemoteWebDriver.java:131)
	at org.openqa.selenium.chrome.ChromeDriver.<init>(ChromeDriver.java:181)
	at org.openqa.selenium.chrome.ChromeDriver.<init>(ChromeDriver.java:168)
	at org.openqa.selenium.chrome.ChromeDriver.<init>(ChromeDriver.java:123)
	at base.Reusable.launchApp(Reusable.java:50)
	at suite.MavenProject.LoginTest2.beforeClass(LoginTest2.java:31)
	at sun.reflect.NativeMethodAccessorImpl.invoke0(Native Method)
	at sun.reflect.NativeMethodAccessorImpl.invoke(Unknown Source)
	at sun.reflect.DelegatingMethodAccessorImpl.invoke(Unknown Source)
	at java.lang.reflect.Method.invoke(Unknown Source)
	at org.testng.internal.MethodInvocationHelper.invokeMethod(MethodInvocationHelper.java:104)
	at org.testng.internal.Invoker.invokeConfigurationMethod(Invoker.java:515)
	at org.testng.internal.Invoker.invokeConfigurations(Invoker.java:217)
	at org.testng.internal.Invoker.invokeConfigurations(Invoker.java:144)
	at org.testng.internal.TestMethodWorker.invokeBeforeClassMethods(TestMethodWorker.java:169)
	at org.testng.internal.TestMethodWorker.run(TestMethodWorker.java:108)
	at org.testng.TestRunner.privateRun(TestRunner.java:756)
	at org.testng.TestRunner.run(TestRunner.java:610)
	at org.testng.SuiteRunner.runTest(SuiteRunner.java:387)
	at org.testng.SuiteRunner.runSequentially(SuiteRunner.java:382)
	at org.testng.SuiteRunner.privateRun(SuiteRunner.java:340)
	at org.testng.SuiteRunner.run(SuiteRunner.java:289)
	at org.testng.SuiteRunnerWorker.runSuite(SuiteRunnerWorker.java:52)
	at org.testng.SuiteRunnerWorker.run(SuiteRunnerWorker.java:86)
	at org.testng.TestNG.runSuitesSequentially(TestNG.java:1293)
	at org.testng.TestNG.runSuitesLocally(TestNG.java:1218)
	at org.testng.TestNG.runSuites(TestNG.java:1133)
	at org.testng.TestNG.run(TestNG.java:1104)
	at org.testng.remote.AbstractRemoteTestNG.run(AbstractRemoteTestNG.java:132)
	at org.testng.remote.RemoteTestNG.initAndRun(RemoteTestNG.java:236)
	at org.testng.remote.RemoteTestNG.main(RemoteTestNG.java:81)
]]>
            </full-stacktrace>
          </exception> <!-- org.openqa.selenium.SessionNotCreatedException -->
          <reporter-output>
          </reporter-output>
        </test-method> <!-- TC_Login_01 -->
        <test-method status="SKIP" signature="TC_Login_02()[pri:0, instance:suite.MavenProject.LoginTest2@ae45eb6]" name="TC_Login_02" duration-ms="2" started-at="2021-06-21T14:28:58Z" finished-at="2021-06-21T14:28:58Z">
          <exception class="org.openqa.selenium.SessionNotCreatedException">
            <message>
              <![CDATA[session not created: This version of ChromeDriver only supports Chrome version 89
Current browser version is 86.0.4240.183 with binary path C:\Program Files (x86)\Google\Chrome\Application\chrome.exe
Build info: version: '3.141.59', revision: 'e82be7d358', time: '2018-11-14T08:17:03'
System info: host: 'FHLT0017', ip: '10.100.100.90', os.name: 'Windows 10', os.arch: 'amd64', os.version: '10.0', java.version: '1.8.0_271'
Driver info: driver.version: ChromeDriver
remote stacktrace: Backtrace:
	Ordinal0 [0x00B9E7D3+124883]
	Ordinal0 [0x00B9E7B1+124849]
	GetHandleVerifier [0x00DE8688+193832]
	GetHandleVerifier [0x00E03AC5+305509]
	GetHandleVerifier [0x00E0021B+291003]
	GetHandleVerifier [0x00DFE0AC+282444]
	GetHandleVerifier [0x00E24A90+440624]
	GetHandleVerifier [0x00E247FC+439964]
	GetHandleVerifier [0x00E2154B+426987]
	GetHandleVerifier [0x00E04FFD+310941]
	GetHandleVerifier [0x00E05D8E+314414]
	GetHandleVerifier [0x00E05D19+314297]
	GetHandleVerifier [0x00EC31EC+1089676]
	GetHandleVerifier [0x00EC17C9+1082985]
	GetHandleVerifier [0x00EC13A3+1081923]
	GetHandleVerifier [0x00FBD9FD+2115741]
	Ordinal0 [0x00CEB82E+1488942]
	Ordinal0 [0x00C85A7D+1071741]
	Ordinal0 [0x00C8559B+1070491]
	Ordinal0 [0x00C854B1+1070257]
	Ordinal0 [0x00CBFF53+1310547]
	BaseThreadInitThunk [0x768D0419+25]
	RtlGetAppContainerNamedObjectPath [0x774C662D+237]
	RtlGetAppContainerNamedObjectPath [0x774C65FD+189]
]]>
            </message>
            <full-stacktrace>
              <![CDATA[org.openqa.selenium.SessionNotCreatedException: session not created: This version of ChromeDriver only supports Chrome version 89
Current browser version is 86.0.4240.183 with binary path C:\Program Files (x86)\Google\Chrome\Application\chrome.exe
Build info: version: '3.141.59', revision: 'e82be7d358', time: '2018-11-14T08:17:03'
System info: host: 'FHLT0017', ip: '10.100.100.90', os.name: 'Windows 10', os.arch: 'amd64', os.version: '10.0', java.version: '1.8.0_271'
Driver info: driver.version: ChromeDriver
remote stacktrace: Backtrace:
	Ordinal0 [0x00B9E7D3+124883]
	Ordinal0 [0x00B9E7B1+124849]
	GetHandleVerifier [0x00DE8688+193832]
	GetHandleVerifier [0x00E03AC5+305509]
	GetHandleVerifier [0x00E0021B+291003]
	GetHandleVerifier [0x00DFE0AC+282444]
	GetHandleVerifier [0x00E24A90+440624]
	GetHandleVerifier [0x00E247FC+439964]
	GetHandleVerifier [0x00E2154B+426987]
	GetHandleVerifier [0x00E04FFD+310941]
	GetHandleVerifier [0x00E05D8E+314414]
	GetHandleVerifier [0x00E05D19+314297]
	GetHandleVerifier [0x00EC31EC+1089676]
	GetHandleVerifier [0x00EC17C9+1082985]
	GetHandleVerifier [0x00EC13A3+1081923]
	GetHandleVerifier [0x00FBD9FD+2115741]
	Ordinal0 [0x00CEB82E+1488942]
	Ordinal0 [0x00C85A7D+1071741]
	Ordinal0 [0x00C8559B+1070491]
	Ordinal0 [0x00C854B1+1070257]
	Ordinal0 [0x00CBFF53+1310547]
	BaseThreadInitThunk [0x768D0419+25]
	RtlGetAppContainerNamedObjectPath [0x774C662D+237]
	RtlGetAppContainerNamedObjectPath [0x774C65FD+189]

	at sun.reflect.NativeConstructorAccessorImpl.newInstance0(Native Method)
	at sun.reflect.NativeConstructorAccessorImpl.newInstance(Unknown Source)
	at sun.reflect.DelegatingConstructorAccessorImpl.newInstance(Unknown Source)
	at java.lang.reflect.Constructor.newInstance(Unknown Source)
	at org.openqa.selenium.remote.W3CHandshakeResponse.lambda$errorHandler$0(W3CHandshakeResponse.java:62)
	at org.openqa.selenium.remote.HandshakeResponse.lambda$getResponseFunction$0(HandshakeResponse.java:30)
	at org.openqa.selenium.remote.ProtocolHandshake.lambda$createSession$0(ProtocolHandshake.java:126)
	at java.util.stream.ReferencePipeline$3$1.accept(Unknown Source)
	at java.util.Spliterators$ArraySpliterator.tryAdvance(Unknown Source)
	at java.util.stream.ReferencePipeline.forEachWithCancel(Unknown Source)
	at java.util.stream.AbstractPipeline.copyIntoWithCancel(Unknown Source)
	at java.util.stream.AbstractPipeline.copyInto(Unknown Source)
	at java.util.stream.AbstractPipeline.wrapAndCopyInto(Unknown Source)
	at java.util.stream.FindOps$FindOp.evaluateSequential(Unknown Source)
	at java.util.stream.AbstractPipeline.evaluate(Unknown Source)
	at java.util.stream.ReferencePipeline.findFirst(Unknown Source)
	at org.openqa.selenium.remote.ProtocolHandshake.createSession(ProtocolHandshake.java:128)
	at org.openqa.selenium.remote.ProtocolHandshake.createSession(ProtocolHandshake.java:74)
	at org.openqa.selenium.remote.HttpCommandExecutor.execute(HttpCommandExecutor.java:136)
	at org.openqa.selenium.remote.service.DriverCommandExecutor.execute(DriverCommandExecutor.java:83)
	at org.openqa.selenium.remote.RemoteWebDriver.execute(RemoteWebDriver.java:552)
	at org.openqa.selenium.remote.RemoteWebDriver.startSession(RemoteWebDriver.java:213)
	at org.openqa.selenium.remote.RemoteWebDriver.<init>(RemoteWebDriver.java:131)
	at org.openqa.selenium.chrome.ChromeDriver.<init>(ChromeDriver.java:181)
	at org.openqa.selenium.chrome.ChromeDriver.<init>(ChromeDriver.java:168)
	at org.openqa.selenium.chrome.ChromeDriver.<init>(ChromeDriver.java:123)
	at base.Reusable.launchApp(Reusable.java:50)
	at suite.MavenProject.LoginTest2.beforeClass(LoginTest2.java:31)
	at sun.reflect.NativeMethodAccessorImpl.invoke0(Native Method)
	at sun.reflect.NativeMethodAccessorImpl.invoke(Unknown Source)
	at sun.reflect.DelegatingMethodAccessorImpl.invoke(Unknown Source)
	at java.lang.reflect.Method.invoke(Unknown Source)
	at org.testng.internal.MethodInvocationHelper.invokeMethod(MethodInvocationHelper.java:104)
	at org.testng.internal.Invoker.invokeConfigurationMethod(Invoker.java:515)
	at org.testng.internal.Invoker.invokeConfigurations(Invoker.java:217)
	at org.testng.internal.Invoker.invokeConfigurations(Invoker.java:144)
	at org.testng.internal.TestMethodWorker.invokeBeforeClassMethods(TestMethodWorker.java:169)
	at org.testng.internal.TestMethodWorker.run(TestMethodWorker.java:108)
	at org.testng.TestRunner.privateRun(TestRunner.java:756)
	at org.testng.TestRunner.run(TestRunner.java:610)
	at org.testng.SuiteRunner.runTest(SuiteRunner.java:387)
	at org.testng.SuiteRunner.runSequentially(SuiteRunner.java:382)
	at org.testng.SuiteRunner.privateRun(SuiteRunner.java:340)
	at org.testng.SuiteRunner.run(SuiteRunner.java:289)
	at org.testng.SuiteRunnerWorker.runSuite(SuiteRunnerWorker.java:52)
	at org.testng.SuiteRunnerWorker.run(SuiteRunnerWorker.java:86)
	at org.testng.TestNG.runSuitesSequentially(TestNG.java:1293)
	at org.testng.TestNG.runSuitesLocally(TestNG.java:1218)
	at org.testng.TestNG.runSuites(TestNG.java:1133)
	at org.testng.TestNG.run(TestNG.java:1104)
	at org.testng.remote.AbstractRemoteTestNG.run(AbstractRemoteTestNG.java:132)
	at org.testng.remote.RemoteTestNG.initAndRun(RemoteTestNG.java:236)
	at org.testng.remote.RemoteTestNG.main(RemoteTestNG.java:81)
]]>
            </full-stacktrace>
          </exception> <!-- org.openqa.selenium.SessionNotCreatedException -->
          <reporter-output>
          </reporter-output>
        </test-method> <!-- TC_Login_02 -->
        <test-method status="SKIP" signature="TC_Login_03()[pri:0, instance:suite.MavenProject.LoginTest2@ae45eb6]" name="TC_Login_03" duration-ms="2" started-at="2021-06-21T14:28:58Z" finished-at="2021-06-21T14:28:58Z">
          <exception class="org.openqa.selenium.SessionNotCreatedException">
            <message>
              <![CDATA[session not created: This version of ChromeDriver only supports Chrome version 89
Current browser version is 86.0.4240.183 with binary path C:\Program Files (x86)\Google\Chrome\Application\chrome.exe
Build info: version: '3.141.59', revision: 'e82be7d358', time: '2018-11-14T08:17:03'
System info: host: 'FHLT0017', ip: '10.100.100.90', os.name: 'Windows 10', os.arch: 'amd64', os.version: '10.0', java.version: '1.8.0_271'
Driver info: driver.version: ChromeDriver
remote stacktrace: Backtrace:
	Ordinal0 [0x00B9E7D3+124883]
	Ordinal0 [0x00B9E7B1+124849]
	GetHandleVerifier [0x00DE8688+193832]
	GetHandleVerifier [0x00E03AC5+305509]
	GetHandleVerifier [0x00E0021B+291003]
	GetHandleVerifier [0x00DFE0AC+282444]
	GetHandleVerifier [0x00E24A90+440624]
	GetHandleVerifier [0x00E247FC+439964]
	GetHandleVerifier [0x00E2154B+426987]
	GetHandleVerifier [0x00E04FFD+310941]
	GetHandleVerifier [0x00E05D8E+314414]
	GetHandleVerifier [0x00E05D19+314297]
	GetHandleVerifier [0x00EC31EC+1089676]
	GetHandleVerifier [0x00EC17C9+1082985]
	GetHandleVerifier [0x00EC13A3+1081923]
	GetHandleVerifier [0x00FBD9FD+2115741]
	Ordinal0 [0x00CEB82E+1488942]
	Ordinal0 [0x00C85A7D+1071741]
	Ordinal0 [0x00C8559B+1070491]
	Ordinal0 [0x00C854B1+1070257]
	Ordinal0 [0x00CBFF53+1310547]
	BaseThreadInitThunk [0x768D0419+25]
	RtlGetAppContainerNamedObjectPath [0x774C662D+237]
	RtlGetAppContainerNamedObjectPath [0x774C65FD+189]
]]>
            </message>
            <full-stacktrace>
              <![CDATA[org.openqa.selenium.SessionNotCreatedException: session not created: This version of ChromeDriver only supports Chrome version 89
Current browser version is 86.0.4240.183 with binary path C:\Program Files (x86)\Google\Chrome\Application\chrome.exe
Build info: version: '3.141.59', revision: 'e82be7d358', time: '2018-11-14T08:17:03'
System info: host: 'FHLT0017', ip: '10.100.100.90', os.name: 'Windows 10', os.arch: 'amd64', os.version: '10.0', java.version: '1.8.0_271'
Driver info: driver.version: ChromeDriver
remote stacktrace: Backtrace:
	Ordinal0 [0x00B9E7D3+124883]
	Ordinal0 [0x00B9E7B1+124849]
	GetHandleVerifier [0x00DE8688+193832]
	GetHandleVerifier [0x00E03AC5+305509]
	GetHandleVerifier [0x00E0021B+291003]
	GetHandleVerifier [0x00DFE0AC+282444]
	GetHandleVerifier [0x00E24A90+440624]
	GetHandleVerifier [0x00E247FC+439964]
	GetHandleVerifier [0x00E2154B+426987]
	GetHandleVerifier [0x00E04FFD+310941]
	GetHandleVerifier [0x00E05D8E+314414]
	GetHandleVerifier [0x00E05D19+314297]
	GetHandleVerifier [0x00EC31EC+1089676]
	GetHandleVerifier [0x00EC17C9+1082985]
	GetHandleVerifier [0x00EC13A3+1081923]
	GetHandleVerifier [0x00FBD9FD+2115741]
	Ordinal0 [0x00CEB82E+1488942]
	Ordinal0 [0x00C85A7D+1071741]
	Ordinal0 [0x00C8559B+1070491]
	Ordinal0 [0x00C854B1+1070257]
	Ordinal0 [0x00CBFF53+1310547]
	BaseThreadInitThunk [0x768D0419+25]
	RtlGetAppContainerNamedObjectPath [0x774C662D+237]
	RtlGetAppContainerNamedObjectPath [0x774C65FD+189]

	at sun.reflect.NativeConstructorAccessorImpl.newInstance0(Native Method)
	at sun.reflect.NativeConstructorAccessorImpl.newInstance(Unknown Source)
	at sun.reflect.DelegatingConstructorAccessorImpl.newInstance(Unknown Source)
	at java.lang.reflect.Constructor.newInstance(Unknown Source)
	at org.openqa.selenium.remote.W3CHandshakeResponse.lambda$errorHandler$0(W3CHandshakeResponse.java:62)
	at org.openqa.selenium.remote.HandshakeResponse.lambda$getResponseFunction$0(HandshakeResponse.java:30)
	at org.openqa.selenium.remote.ProtocolHandshake.lambda$createSession$0(ProtocolHandshake.java:126)
	at java.util.stream.ReferencePipeline$3$1.accept(Unknown Source)
	at java.util.Spliterators$ArraySpliterator.tryAdvance(Unknown Source)
	at java.util.stream.ReferencePipeline.forEachWithCancel(Unknown Source)
	at java.util.stream.AbstractPipeline.copyIntoWithCancel(Unknown Source)
	at java.util.stream.AbstractPipeline.copyInto(Unknown Source)
	at java.util.stream.AbstractPipeline.wrapAndCopyInto(Unknown Source)
	at java.util.stream.FindOps$FindOp.evaluateSequential(Unknown Source)
	at java.util.stream.AbstractPipeline.evaluate(Unknown Source)
	at java.util.stream.ReferencePipeline.findFirst(Unknown Source)
	at org.openqa.selenium.remote.ProtocolHandshake.createSession(ProtocolHandshake.java:128)
	at org.openqa.selenium.remote.ProtocolHandshake.createSession(ProtocolHandshake.java:74)
	at org.openqa.selenium.remote.HttpCommandExecutor.execute(HttpCommandExecutor.java:136)
	at org.openqa.selenium.remote.service.DriverCommandExecutor.execute(DriverCommandExecutor.java:83)
	at org.openqa.selenium.remote.RemoteWebDriver.execute(RemoteWebDriver.java:552)
	at org.openqa.selenium.remote.RemoteWebDriver.startSession(RemoteWebDriver.java:213)
	at org.openqa.selenium.remote.RemoteWebDriver.<init>(RemoteWebDriver.java:131)
	at org.openqa.selenium.chrome.ChromeDriver.<init>(ChromeDriver.java:181)
	at org.openqa.selenium.chrome.ChromeDriver.<init>(ChromeDriver.java:168)
	at org.openqa.selenium.chrome.ChromeDriver.<init>(ChromeDriver.java:123)
	at base.Reusable.launchApp(Reusable.java:50)
	at suite.MavenProject.LoginTest2.beforeClass(LoginTest2.java:31)
	at sun.reflect.NativeMethodAccessorImpl.invoke0(Native Method)
	at sun.reflect.NativeMethodAccessorImpl.invoke(Unknown Source)
	at sun.reflect.DelegatingMethodAccessorImpl.invoke(Unknown Source)
	at java.lang.reflect.Method.invoke(Unknown Source)
	at org.testng.internal.MethodInvocationHelper.invokeMethod(MethodInvocationHelper.java:104)
	at org.testng.internal.Invoker.invokeConfigurationMethod(Invoker.java:515)
	at org.testng.internal.Invoker.invokeConfigurations(Invoker.java:217)
	at org.testng.internal.Invoker.invokeConfigurations(Invoker.java:144)
	at org.testng.internal.TestMethodWorker.invokeBeforeClassMethods(TestMethodWorker.java:169)
	at org.testng.internal.TestMethodWorker.run(TestMethodWorker.java:108)
	at org.testng.TestRunner.privateRun(TestRunner.java:756)
	at org.testng.TestRunner.run(TestRunner.java:610)
	at org.testng.SuiteRunner.runTest(SuiteRunner.java:387)
	at org.testng.SuiteRunner.runSequentially(SuiteRunner.java:382)
	at org.testng.SuiteRunner.privateRun(SuiteRunner.java:340)
	at org.testng.SuiteRunner.run(SuiteRunner.java:289)
	at org.testng.SuiteRunnerWorker.runSuite(SuiteRunnerWorker.java:52)
	at org.testng.SuiteRunnerWorker.run(SuiteRunnerWorker.java:86)
	at org.testng.TestNG.runSuitesSequentially(TestNG.java:1293)
	at org.testng.TestNG.runSuitesLocally(TestNG.java:1218)
	at org.testng.TestNG.runSuites(TestNG.java:1133)
	at org.testng.TestNG.run(TestNG.java:1104)
	at org.testng.remote.AbstractRemoteTestNG.run(AbstractRemoteTestNG.java:132)
	at org.testng.remote.RemoteTestNG.initAndRun(RemoteTestNG.java:236)
	at org.testng.remote.RemoteTestNG.main(RemoteTestNG.java:81)
]]>
            </full-stacktrace>
          </exception> <!-- org.openqa.selenium.SessionNotCreatedException -->
          <reporter-output>
          </reporter-output>
        </test-method> <!-- TC_Login_03 -->
        <test-method status="SKIP" signature="TC_Login_04()[pri:0, instance:suite.MavenProject.LoginTest2@ae45eb6]" name="TC_Login_04" duration-ms="2" started-at="2021-06-21T14:28:58Z" finished-at="2021-06-21T14:28:58Z">
          <exception class="org.openqa.selenium.SessionNotCreatedException">
            <message>
              <![CDATA[session not created: This version of ChromeDriver only supports Chrome version 89
Current browser version is 86.0.4240.183 with binary path C:\Program Files (x86)\Google\Chrome\Application\chrome.exe
Build info: version: '3.141.59', revision: 'e82be7d358', time: '2018-11-14T08:17:03'
System info: host: 'FHLT0017', ip: '10.100.100.90', os.name: 'Windows 10', os.arch: 'amd64', os.version: '10.0', java.version: '1.8.0_271'
Driver info: driver.version: ChromeDriver
remote stacktrace: Backtrace:
	Ordinal0 [0x00B9E7D3+124883]
	Ordinal0 [0x00B9E7B1+124849]
	GetHandleVerifier [0x00DE8688+193832]
	GetHandleVerifier [0x00E03AC5+305509]
	GetHandleVerifier [0x00E0021B+291003]
	GetHandleVerifier [0x00DFE0AC+282444]
	GetHandleVerifier [0x00E24A90+440624]
	GetHandleVerifier [0x00E247FC+439964]
	GetHandleVerifier [0x00E2154B+426987]
	GetHandleVerifier [0x00E04FFD+310941]
	GetHandleVerifier [0x00E05D8E+314414]
	GetHandleVerifier [0x00E05D19+314297]
	GetHandleVerifier [0x00EC31EC+1089676]
	GetHandleVerifier [0x00EC17C9+1082985]
	GetHandleVerifier [0x00EC13A3+1081923]
	GetHandleVerifier [0x00FBD9FD+2115741]
	Ordinal0 [0x00CEB82E+1488942]
	Ordinal0 [0x00C85A7D+1071741]
	Ordinal0 [0x00C8559B+1070491]
	Ordinal0 [0x00C854B1+1070257]
	Ordinal0 [0x00CBFF53+1310547]
	BaseThreadInitThunk [0x768D0419+25]
	RtlGetAppContainerNamedObjectPath [0x774C662D+237]
	RtlGetAppContainerNamedObjectPath [0x774C65FD+189]
]]>
            </message>
            <full-stacktrace>
              <![CDATA[org.openqa.selenium.SessionNotCreatedException: session not created: This version of ChromeDriver only supports Chrome version 89
Current browser version is 86.0.4240.183 with binary path C:\Program Files (x86)\Google\Chrome\Application\chrome.exe
Build info: version: '3.141.59', revision: 'e82be7d358', time: '2018-11-14T08:17:03'
System info: host: 'FHLT0017', ip: '10.100.100.90', os.name: 'Windows 10', os.arch: 'amd64', os.version: '10.0', java.version: '1.8.0_271'
Driver info: driver.version: ChromeDriver
remote stacktrace: Backtrace:
	Ordinal0 [0x00B9E7D3+124883]
	Ordinal0 [0x00B9E7B1+124849]
	GetHandleVerifier [0x00DE8688+193832]
	GetHandleVerifier [0x00E03AC5+305509]
	GetHandleVerifier [0x00E0021B+291003]
	GetHandleVerifier [0x00DFE0AC+282444]
	GetHandleVerifier [0x00E24A90+440624]
	GetHandleVerifier [0x00E247FC+439964]
	GetHandleVerifier [0x00E2154B+426987]
	GetHandleVerifier [0x00E04FFD+310941]
	GetHandleVerifier [0x00E05D8E+314414]
	GetHandleVerifier [0x00E05D19+314297]
	GetHandleVerifier [0x00EC31EC+1089676]
	GetHandleVerifier [0x00EC17C9+1082985]
	GetHandleVerifier [0x00EC13A3+1081923]
	GetHandleVerifier [0x00FBD9FD+2115741]
	Ordinal0 [0x00CEB82E+1488942]
	Ordinal0 [0x00C85A7D+1071741]
	Ordinal0 [0x00C8559B+1070491]
	Ordinal0 [0x00C854B1+1070257]
	Ordinal0 [0x00CBFF53+1310547]
	BaseThreadInitThunk [0x768D0419+25]
	RtlGetAppContainerNamedObjectPath [0x774C662D+237]
	RtlGetAppContainerNamedObjectPath [0x774C65FD+189]

	at sun.reflect.NativeConstructorAccessorImpl.newInstance0(Native Method)
	at sun.reflect.NativeConstructorAccessorImpl.newInstance(Unknown Source)
	at sun.reflect.DelegatingConstructorAccessorImpl.newInstance(Unknown Source)
	at java.lang.reflect.Constructor.newInstance(Unknown Source)
	at org.openqa.selenium.remote.W3CHandshakeResponse.lambda$errorHandler$0(W3CHandshakeResponse.java:62)
	at org.openqa.selenium.remote.HandshakeResponse.lambda$getResponseFunction$0(HandshakeResponse.java:30)
	at org.openqa.selenium.remote.ProtocolHandshake.lambda$createSession$0(ProtocolHandshake.java:126)
	at java.util.stream.ReferencePipeline$3$1.accept(Unknown Source)
	at java.util.Spliterators$ArraySpliterator.tryAdvance(Unknown Source)
	at java.util.stream.ReferencePipeline.forEachWithCancel(Unknown Source)
	at java.util.stream.AbstractPipeline.copyIntoWithCancel(Unknown Source)
	at java.util.stream.AbstractPipeline.copyInto(Unknown Source)
	at java.util.stream.AbstractPipeline.wrapAndCopyInto(Unknown Source)
	at java.util.stream.FindOps$FindOp.evaluateSequential(Unknown Source)
	at java.util.stream.AbstractPipeline.evaluate(Unknown Source)
	at java.util.stream.ReferencePipeline.findFirst(Unknown Source)
	at org.openqa.selenium.remote.ProtocolHandshake.createSession(ProtocolHandshake.java:128)
	at org.openqa.selenium.remote.ProtocolHandshake.createSession(ProtocolHandshake.java:74)
	at org.openqa.selenium.remote.HttpCommandExecutor.execute(HttpCommandExecutor.java:136)
	at org.openqa.selenium.remote.service.DriverCommandExecutor.execute(DriverCommandExecutor.java:83)
	at org.openqa.selenium.remote.RemoteWebDriver.execute(RemoteWebDriver.java:552)
	at org.openqa.selenium.remote.RemoteWebDriver.startSession(RemoteWebDriver.java:213)
	at org.openqa.selenium.remote.RemoteWebDriver.<init>(RemoteWebDriver.java:131)
	at org.openqa.selenium.chrome.ChromeDriver.<init>(ChromeDriver.java:181)
	at org.openqa.selenium.chrome.ChromeDriver.<init>(ChromeDriver.java:168)
	at org.openqa.selenium.chrome.ChromeDriver.<init>(ChromeDriver.java:123)
	at base.Reusable.launchApp(Reusable.java:50)
	at suite.MavenProject.LoginTest2.beforeClass(LoginTest2.java:31)
	at sun.reflect.NativeMethodAccessorImpl.invoke0(Native Method)
	at sun.reflect.NativeMethodAccessorImpl.invoke(Unknown Source)
	at sun.reflect.DelegatingMethodAccessorImpl.invoke(Unknown Source)
	at java.lang.reflect.Method.invoke(Unknown Source)
	at org.testng.internal.MethodInvocationHelper.invokeMethod(MethodInvocationHelper.java:104)
	at org.testng.internal.Invoker.invokeConfigurationMethod(Invoker.java:515)
	at org.testng.internal.Invoker.invokeConfigurations(Invoker.java:217)
	at org.testng.internal.Invoker.invokeConfigurations(Invoker.java:144)
	at org.testng.internal.TestMethodWorker.invokeBeforeClassMethods(TestMethodWorker.java:169)
	at org.testng.internal.TestMethodWorker.run(TestMethodWorker.java:108)
	at org.testng.TestRunner.privateRun(TestRunner.java:756)
	at org.testng.TestRunner.run(TestRunner.java:610)
	at org.testng.SuiteRunner.runTest(SuiteRunner.java:387)
	at org.testng.SuiteRunner.runSequentially(SuiteRunner.java:382)
	at org.testng.SuiteRunner.privateRun(SuiteRunner.java:340)
	at org.testng.SuiteRunner.run(SuiteRunner.java:289)
	at org.testng.SuiteRunnerWorker.runSuite(SuiteRunnerWorker.java:52)
	at org.testng.SuiteRunnerWorker.run(SuiteRunnerWorker.java:86)
	at org.testng.TestNG.runSuitesSequentially(TestNG.java:1293)
	at org.testng.TestNG.runSuitesLocally(TestNG.java:1218)
	at org.testng.TestNG.runSuites(TestNG.java:1133)
	at org.testng.TestNG.run(TestNG.java:1104)
	at org.testng.remote.AbstractRemoteTestNG.run(AbstractRemoteTestNG.java:132)
	at org.testng.remote.RemoteTestNG.initAndRun(RemoteTestNG.java:236)
	at org.testng.remote.RemoteTestNG.main(RemoteTestNG.java:81)
]]>
            </full-stacktrace>
          </exception> <!-- org.openqa.selenium.SessionNotCreatedException -->
          <reporter-output>
          </reporter-output>
        </test-method> <!-- TC_Login_04 -->
        <test-method status="SKIP" signature="afterClass()[pri:0, instance:suite.MavenProject.LoginTest2@ae45eb6]" name="afterClass" is-config="true" duration-ms="0" started-at="2021-06-21T14:28:58Z" finished-at="2021-06-21T14:28:58Z">
          <reporter-output>
          </reporter-output>
        </test-method> <!-- afterClass -->
      </class> <!-- suite.MavenProject.LoginTest2 -->
    </test> <!-- Test -->
  </suite> <!-- Suite -->
</testng-results>
